Copyright 1986-1999, 2001-2013 Xilinx, Inc. All Rights Reserved.
---------------------------------------------------------------------------------------------------------
| Tool Version : Vivado v.2013.4 (win64) Build 353583 Mon Dec  9 17:49:19 MST 2013
| Date         : Tue Apr 08 11:43:15 2014
| Host         : Zotty-LT02 running 64-bit Service Pack 1  (build 7601)
| Command      : report_utilization -file leon3mp_utilization_synth.rpt -pb leon3mp_utilization_synth.pb
| Design       : leon3mp
| Device       : xc7a100t
| Design State : Synthesized
---------------------------------------------------------------------------------------------------------

Utilization Design Information

Table of Contents
-----------------
1. Slice Logic
2. Memory
3. DSP
4. IO and GTX Specific
5. Clocking
6. Specific Feature
7. Primitives
8. Black Boxes
9. Instantiated Netlists

1. Slice Logic
--------------

+----------------------------+-------+-------+-----------+-------+
|          Site Type         |  Used | Loced | Available | Util% |
+----------------------------+-------+-------+-----------+-------+
| Slice LUTs*                | 12062 |     0 |     63400 | 19.02 |
|   LUT as Logic             | 11865 |     0 |     63400 | 18.71 |
|   LUT as Memory            |   197 |     0 |     19000 |  1.03 |
|     LUT as Distributed RAM |    24 |     0 |           |       |
|     LUT as Shift Register  |   173 |     0 |           |       |
| Slice Registers            |  7362 |     0 |    126800 |  5.80 |
|   Register as Flip Flop    |  7346 |     0 |    126800 |  5.79 |
|   Register as Latch        |    16 |     0 |    126800 |  0.01 |
| F7 Muxes                   |   369 |     0 |     31700 |  1.16 |
| F8 Muxes                   |    56 |     0 |     15850 |  0.35 |
+----------------------------+-------+-------+-----------+-------+
* Warning! The Final LUT count, after physical optimizations and full implementation, is typically lower. Run opt_design after synthesis for a more realistic count.


2. Memory
---------

+-------------------+------+-------+-----------+-------+
|     Site Type     | Used | Loced | Available | Util% |
+-------------------+------+-------+-----------+-------+
| Block RAM Tile    | 24.5 |     0 |       135 | 17.77 |
|   RAMB36/FIFO*    |   18 |     0 |       135 | 13.33 |
|     RAMB36E1 only |   18 |       |           |       |
|   RAMB18          |   13 |     0 |       270 |  4.81 |
|     RAMB18E1 only |   13 |       |           |       |
+-------------------+------+-------+-----------+-------+
* Note: Each Block RAM Tile only has one FIFO logic available and therefore can accommodate only one FIFO36E1 or one FIFO18E1. However, if a FIFO18E1 occupies a Block RAM Tile, that tile can still accommodate a RAMB18E1


3. DSP
------

+----------------+------+-------+-----------+-------+
|    Site Type   | Used | Loced | Available | Util% |
+----------------+------+-------+-----------+-------+
| DSPs           |    6 |     0 |       240 |  2.50 |
|   DSP48E1 only |    6 |       |           |       |
+----------------+------+-------+-----------+-------+


4. IO and GTX Specific
----------------------

+-----------------------------+------+-------+-----------+-------+
|          Site Type          | Used | Loced | Available | Util% |
+-----------------------------+------+-------+-----------+-------+
| Bonded IOB                  |   88 |     0 |       210 | 41.90 |
| Bonded IPADs                |    0 |     0 |         2 |  0.00 |
| IBUFGDS                     |    0 |     0 |       202 |  0.00 |
| IDELAYCTRL                  |    0 |     0 |         6 |  0.00 |
| IN_FIFO                     |    0 |     0 |        24 |  0.00 |
| OUT_FIFO                    |    0 |     0 |        24 |  0.00 |
| PHASER_REF                  |    0 |     0 |         6 |  0.00 |
| PHY_CONTROL                 |    0 |     0 |         6 |  0.00 |
| PHASER_OUT/PHASER_OUT_PHY   |    0 |     0 |        24 |  0.00 |
| PHASER_IN/PHASER_IN_PHY     |    0 |     0 |        24 |  0.00 |
| IDELAYE2/IDELAYE2_FINEDELAY |    0 |     0 |       300 |  0.00 |
| ODELAYE2/ODELAYE2_FINEDELAY |    0 |     0 |         0 |  0.00 |
| IBUFDS_GTE2                 |    0 |     0 |         4 |  0.00 |
| ILOGIC                      |    0 |     0 |       210 |  0.00 |
| OLOGIC                      |    0 |     0 |       210 |  0.00 |
+-----------------------------+------+-------+-----------+-------+


5. Clocking
-----------

+------------+------+-------+-----------+-------+
|  Site Type | Used | Loced | Available | Util% |
+------------+------+-------+-----------+-------+
| BUFGCTRL   |    7 |     0 |        32 | 21.87 |
| BUFIO      |    0 |     0 |        24 |  0.00 |
| MMCME2_ADV |    0 |     0 |         6 |  0.00 |
| PLLE2_ADV  |    2 |     0 |         6 | 33.33 |
| BUFMRCE    |    0 |     0 |        12 |  0.00 |
| BUFHCE     |    0 |     0 |        96 |  0.00 |
| BUFR       |    0 |     0 |        24 |  0.00 |
+------------+------+-------+-----------+-------+


6. Specific Feature
-------------------

+-------------+------+-------+-----------+-------+
|  Site Type  | Used | Loced | Available | Util% |
+-------------+------+-------+-----------+-------+
| BSCANE2     |    0 |     0 |         4 |  0.00 |
| CAPTUREE2   |    0 |     0 |         1 |  0.00 |
| DNA_PORT    |    0 |     0 |         1 |  0.00 |
| EFUSE_USR   |    0 |     0 |         1 |  0.00 |
| FRAME_ECCE2 |    0 |     0 |         1 |  0.00 |
| ICAPE2      |    0 |     0 |         2 |  0.00 |
| PCIE_2_1    |    0 |     0 |         1 |  0.00 |
| STARTUPE2   |    0 |     0 |         1 |  0.00 |
| XADC        |    0 |     0 |         1 |  0.00 |
+-------------+------+-------+-----------+-------+


7. Primitives
-------------

+-----------+------+
|  Ref Name | Used |
+-----------+------+
| LUT6      | 6352 |
| FDRE      | 6195 |
| LUT5      | 2917 |
| LUT4      | 1620 |
| LUT3      | 1440 |
| FDCE      |  962 |
| LUT2      |  804 |
| LUT1      |  385 |
| MUXF7     |  369 |
| CARRY4    |  327 |
| FDSE      |  175 |
| SRLC32E   |  132 |
| SRL16E    |  121 |
| OBUF      |   57 |
| MUXF8     |   56 |
| RAMD32    |   36 |
| IBUF      |   31 |
| OBUFT     |   25 |
| RAMB36E1  |   18 |
| LDCE      |   16 |
| FDPE      |   14 |
| RAMB18E1  |   13 |
| RAMS32    |   12 |
| BUFG      |    7 |
| DSP48E1   |    6 |
| SRLC16E   |    4 |
| PLLE2_ADV |    2 |
+-----------+------+


8. Black Boxes
--------------

+------------+------+
|  Ref Name  | Used |
+------------+------+
| xadc_wiz_0 |    1 |
| dbg_hub_CV |    1 |
+------------+------+


9. Instantiated Netlists
------------------------

+----------+------+
| Ref Name | Used |
+----------+------+


